<?xml version="1.0" encoding="UTF-8"?>
<!-- Generated by org.testng.reporters.JUnitXMLReporter -->
<testsuite hostname="DESKTOP-NDN7BPN" ignored="0" name="Test" tests="4" failures="2" timestamp="19 May 2020 10:17:50 GMT" time="4.403" errors="0">
  <testcase name="@BeforeTest initialize" time="4.179" classname="Academy.HomePage">
    <failure type="org.openqa.selenium.InvalidArgumentException" message="invalid argument
  (Session info: chrome=81.0.4044.138)
Build info: version: &amp;apos;3.141.59&amp;apos;, revision: &amp;apos;e82be7d358&amp;apos;, time: &amp;apos;2018-11-14T08:17:03&amp;apos;
System info: host: &amp;apos;DESKTOP-NDN7BPN&amp;apos;, ip: &amp;apos;192.168.43.224&amp;apos;, os.name: &amp;apos;Windows 10&amp;apos;, os.arch: &amp;apos;amd64&amp;apos;, os.version: &amp;apos;10.0&amp;apos;, java.version: &amp;apos;1.8.0_251&amp;apos;
Driver info: org.openqa.selenium.chrome.ChromeDriver
Capabilities {acceptInsecureCerts: false, browserName: chrome, browserVersion: 81.0.4044.138, chrome: {chromedriverVersion: 81.0.4044.69 (6813546031a4b..., userDataDir: C:\Users\hp\AppData\Local\T...}, goog:chromeOptions: {debuggerAddress: localhost:54224}, javascriptEnabled: true, networkConnectionEnabled: false, pageLoadStrategy: normal, platform: WINDOWS, platformName: WINDOWS, proxy: Proxy(), setWindowRect: true, strictFileInteractability: false, timeouts: {implicit: 0, pageLoad: 300000, script: 30000}, unhandledPromptBehavior: dismiss and notify, webauthn:virtualAuthenticators: true}
Session ID: 4f6449bd916f0715c075f898fdc93454">
      <![CDATA[org.openqa.selenium.InvalidArgumentException: invalid argument
  (Session info: chrome=81.0.4044.138)
Build info: version: '3.141.59', revision: 'e82be7d358', time: '2018-11-14T08:17:03'
System info: host: 'DESKTOP-NDN7BPN', ip: '192.168.43.224', os.name: 'Windows 10', os.arch: 'amd64', os.version: '10.0', java.version: '1.8.0_251'
Driver info: org.openqa.selenium.chrome.ChromeDriver
Capabilities {acceptInsecureCerts: false, browserName: chrome, browserVersion: 81.0.4044.138, chrome: {chromedriverVersion: 81.0.4044.69 (6813546031a4b..., userDataDir: C:\Users\hp\AppData\Local\T...}, goog:chromeOptions: {debuggerAddress: localhost:54224}, javascriptEnabled: true, networkConnectionEnabled: false, pageLoadStrategy: normal, platform: WINDOWS, platformName: WINDOWS, proxy: Proxy(), setWindowRect: true, strictFileInteractability: false, timeouts: {implicit: 0, pageLoad: 300000, script: 30000}, unhandledPromptBehavior: dismiss and notify, webauthn:virtualAuthenticators: true}
Session ID: 4f6449bd916f0715c075f898fdc93454
at org.openqa.selenium.remote.http.W3CHttpResponseCodec.createException(W3CHttpResponseCodec.java:187)
at org.openqa.selenium.remote.http.W3CHttpResponseCodec.decode(W3CHttpResponseCodec.java:122)
at org.openqa.selenium.remote.http.W3CHttpResponseCodec.decode(W3CHttpResponseCodec.java:49)
at org.openqa.selenium.remote.HttpCommandExecutor.execute(HttpCommandExecutor.java:158)
at org.openqa.selenium.remote.service.DriverCommandExecutor.execute(DriverCommandExecutor.java:83)
at org.openqa.selenium.remote.RemoteWebDriver.execute(RemoteWebDriver.java:552)
at org.openqa.selenium.remote.RemoteWebDriver.get(RemoteWebDriver.java:277)
at Academy.HomePage.initialize(HomePage.java:20)
... Removed 28 stack frames]]>
    </failure>
  </testcase> <!-- @BeforeTest initialize -->
  <testcase name="@BeforeTest initialize" time="0.0" classname="Academy.ValidateNavContact">
    <skipped/>
  </testcase> <!-- @BeforeTest initialize -->
  <testcase name="@BeforeTest initialize" time="0.0" classname="Academy.ValidateTitle">
    <skipped/>
  </testcase> <!-- @BeforeTest initialize -->
  <testcase name="@AfterTest tearDown" time="0.0" classname="Academy.HomePage">
    <skipped/>
  </testcase> <!-- @AfterTest tearDown -->
  <testcase name="@AfterTest tearDown" time="0.0" classname="Academy.ValidateNavContact">
    <skipped/>
  </testcase> <!-- @AfterTest tearDown -->
  <testcase name="@AfterTest tearDown" time="0.0" classname="Academy.ValidateTitle">
    <skipped/>
  </testcase> <!-- @AfterTest tearDown -->
  <testcase name="basePageNevigation" time="0.0" classname="Academy.ValidateNavContact">
    <failure type="org.testng.TestNGException" message="
Method public void Academy.ValidateNavContact.basePageNevigation(java.lang.String,java.lang.String,java.lang.String) throws java.io.IOException,java.lang.InterruptedException requires a @DataProvider named : getData">
      <![CDATA[org.testng.TestNGException: 
Method public void Academy.ValidateNavContact.basePageNevigation(java.lang.String,java.lang.String,java.lang.String) throws java.io.IOException,java.lang.InterruptedException requires a @DataProvider named : getData
... Removed 22 stack frames]]>
    </failure>
  </testcase> <!-- basePageNevigation -->
  <testcase name="basePageNevigation" time="0.0" classname="Academy.ValidateTitle">
    <failure type="org.testng.TestNGException" message="
Method public void Academy.ValidateTitle.basePageNevigation(java.lang.String,java.lang.String,java.lang.String) throws java.io.IOException,java.lang.InterruptedException requires a @DataProvider named : getData">
      <![CDATA[org.testng.TestNGException: 
Method public void Academy.ValidateTitle.basePageNevigation(java.lang.String,java.lang.String,java.lang.String) throws java.io.IOException,java.lang.InterruptedException requires a @DataProvider named : getData
... Removed 22 stack frames]]>
    </failure>
  </testcase> <!-- basePageNevigation -->
  <testcase name="basePageNevigation" time="0.0" classname="Academy.HomePage">
    <skipped/>
  </testcase> <!-- basePageNevigation -->
  <testcase name="basePageNevigation" time="0.0" classname="Academy.HomePage">
    <skipped/>
  </testcase> <!-- basePageNevigation -->
</testsuite> <!-- Test -->
