<?xml version="1.0" encoding="UTF-8"?>
<!-- Generated by org.testng.reporters.JUnitXMLReporter -->
<testsuite hostname="DESKTOP-NDN7BPN" ignored="0" name="Validating navigation Bar" tests="1" failures="0" timestamp="2020-05-31T09:58:23 IST" time="6.671" errors="0">
  <testcase name="@BeforeTest initialize" time="6.489" classname="Academy.validateNavigationBar">
    <failure type="org.openqa.selenium.SessionNotCreatedException" message="session not created: This version of ChromeDriver only supports Chrome version 81
Build info: version: &amp;apos;3.9.1&amp;apos;, revision: &amp;apos;63f7b50&amp;apos;, time: &amp;apos;2018-02-07T22:42:28.403Z&amp;apos;
System info: host: &amp;apos;DESKTOP-NDN7BPN&amp;apos;, ip: &amp;apos;192.168.43.224&amp;apos;, os.name: &amp;apos;Windows 10&amp;apos;, os.arch: &amp;apos;amd64&amp;apos;, os.version: &amp;apos;10.0&amp;apos;, java.version: &amp;apos;1.8.0_251&amp;apos;
Driver info: driver.version: ChromeDriver
remote stacktrace: Backtrace:
	Ordinal0 [0x01185F73+2449267]
	Ordinal0 [0x010B8361+1606497]
	Ordinal0 [0x00FAF969+522601]
	Ordinal0 [0x00F405F3+67059]
	Ordinal0 [0x00F3CD92+52626]
	Ordinal0 [0x00F5C127+180519]
	Ordinal0 [0x00F5BF2D+180013]
	Ordinal0 [0x00F59E5B+171611]
	Ordinal0 [0x00F41DD8+73176]
	Ordinal0 [0x00F42E50+77392]
	Ordinal0 [0x00F42DE9+77289]
	Ordinal0 [0x010CD8D7+1693911]
	GetHandleVerifier [0x01224036+522726]
	GetHandleVerifier [0x01223D74+522020]
	GetHandleVerifier [0x01239187+609079]
	GetHandleVerifier [0x012248A6+524886]
	Ordinal0 [0x010C5CBC+1662140]
	Ordinal0 [0x010CF23B+1700411]
	Ordinal0 [0x010CF3A3+1700771]
	Ordinal0 [0x010E5215+1790485]
	BaseThreadInitThunk [0x765F6359+25]
	RtlGetAppContainerNamedObjectPath [0x77117C24+228]
	RtlGetAppContainerNamedObjectPath [0x77117BF4+180]
">
      <![CDATA[org.openqa.selenium.SessionNotCreatedException: session not created: This version of ChromeDriver only supports Chrome version 81
Build info: version: '3.9.1', revision: '63f7b50', time: '2018-02-07T22:42:28.403Z'
System info: host: 'DESKTOP-NDN7BPN', ip: '192.168.43.224', os.name: 'Windows 10', os.arch: 'amd64', os.version: '10.0', java.version: '1.8.0_251'
Driver info: driver.version: ChromeDriver
remote stacktrace: Backtrace:
Ordinal0 [0x01185F73+2449267]
Ordinal0 [0x010B8361+1606497]
Ordinal0 [0x00FAF969+522601]
Ordinal0 [0x00F405F3+67059]
Ordinal0 [0x00F3CD92+52626]
Ordinal0 [0x00F5C127+180519]
Ordinal0 [0x00F5BF2D+180013]
Ordinal0 [0x00F59E5B+171611]
Ordinal0 [0x00F41DD8+73176]
Ordinal0 [0x00F42E50+77392]
Ordinal0 [0x00F42DE9+77289]
Ordinal0 [0x010CD8D7+1693911]
GetHandleVerifier [0x01224036+522726]
GetHandleVerifier [0x01223D74+522020]
GetHandleVerifier [0x01239187+609079]
GetHandleVerifier [0x012248A6+524886]
Ordinal0 [0x010C5CBC+1662140]
Ordinal0 [0x010CF23B+1700411]
Ordinal0 [0x010CF3A3+1700771]
Ordinal0 [0x010E5215+1790485]
BaseThreadInitThunk [0x765F6359+25]
RtlGetAppContainerNamedObjectPath [0x77117C24+228]
RtlGetAppContainerNamedObjectPath [0x77117BF4+180]

at org.openqa.selenium.remote.W3CHandshakeResponse.lambda$new$0(W3CHandshakeResponse.java:57)
at org.openqa.selenium.remote.W3CHandshakeResponse.lambda$getResponseFunction$2(W3CHandshakeResponse.java:104)
at org.openqa.selenium.remote.ProtocolHandshake.lambda$createSession$0(ProtocolHandshake.java:123)
at java.util.stream.ReferencePipeline$3$1.accept(ReferencePipeline.java:193)
at java.util.Spliterators$ArraySpliterator.tryAdvance(Spliterators.java:958)
at java.util.stream.ReferencePipeline.forEachWithCancel(ReferencePipeline.java:126)
at java.util.stream.AbstractPipeline.copyIntoWithCancel(AbstractPipeline.java:499)
at java.util.stream.AbstractPipeline.copyInto(AbstractPipeline.java:486)
at java.util.stream.AbstractPipeline.wrapAndCopyInto(AbstractPipeline.java:472)
at java.util.stream.FindOps$FindOp.evaluateSequential(FindOps.java:152)
at java.util.stream.AbstractPipeline.evaluate(AbstractPipeline.java:234)
at java.util.stream.ReferencePipeline.findFirst(ReferencePipeline.java:464)
at org.openqa.selenium.remote.ProtocolHandshake.createSession(ProtocolHandshake.java:126)
at org.openqa.selenium.remote.ProtocolHandshake.createSession(ProtocolHandshake.java:73)
at org.openqa.selenium.remote.HttpCommandExecutor.execute(HttpCommandExecutor.java:138)
at org.openqa.selenium.remote.service.DriverCommandExecutor.execute(DriverCommandExecutor.java:83)
at org.openqa.selenium.remote.RemoteWebDriver.execute(RemoteWebDriver.java:601)
at org.openqa.selenium.remote.RemoteWebDriver.startSession(RemoteWebDriver.java:219)
at org.openqa.selenium.remote.RemoteWebDriver.<init>(RemoteWebDriver.java:142)
at org.openqa.selenium.chrome.ChromeDriver.<init>(ChromeDriver.java:181)
at org.openqa.selenium.chrome.ChromeDriver.<init>(ChromeDriver.java:168)
at org.openqa.selenium.chrome.ChromeDriver.<init>(ChromeDriver.java:123)
at resources.base.initializeDriver(base.java:34)
at Academy.validateNavigationBar.initialize(validateNavigationBar.java:32)
at java.util.concurrent.FutureTask.run(FutureTask.java:266)
at java.util.concurrent.ThreadPoolExecutor.runWorker(ThreadPoolExecutor.java:1149)
at java.util.concurrent.ThreadPoolExecutor$Worker.run(ThreadPoolExecutor.java:624)
at java.lang.Thread.run(Thread.java:748)
... Removed 19 stack frames]]>
    </failure>
  </testcase> <!-- @BeforeTest initialize -->
  <testcase name="@AfterTest teardown" time="-1.590899303722E9" classname="Academy.validateNavigationBar">
    <skipped/>
  </testcase> <!-- @AfterTest teardown -->
  <testcase name="validateAppNavBar" time="0.0" classname="Academy.validateNavigationBar">
    <skipped/>
  </testcase> <!-- validateAppNavBar -->
</testsuite> <!-- Validating navigation Bar -->
